
================================================================================
🔬 COHERENCE DIAGNOSTIC - 3 Planes de Realidad
================================================================================

📋 Plano FÍSICO:    Archivos, carpetas, disco
📋 Plano LÓGICO:    Módulos, roles, blueprint
📋 Plano OPERATIVO: Procesos, mensajes, salud
================================================================================

✓ Blueprint cargado: 30 módulos definidos
✓ Ontología cargada: 36 entidades canónicas

📊 ANALIZANDO COHERENCIA POR ENTIDAD:

✗ agent.main                     Score:   0/100  Tier: core
   → Core entity has syntax errors (critical)
✗ ai-assistant.main              Score:  35/100  Tier: satellite
✗ ai-intent.main                 Score:  35/100  Tier: satellite
✗ ai-learning-engine.main        Score:  35/100  Tier: satellite
✗ ai-memory-semantic.main        Score:  35/100  Tier: satellite
✗ ai-self-audit.main             Score:  35/100  Tier: satellite
✗ approval.main                  Score:   0/100  Tier: core
   → Core entity has syntax errors (critical)
✗ apps-menu.main                 Score:  35/100  Tier: satellite
✗ apps-session.main              Score:  35/100  Tier: satellite
✗ chaos.tester                   Score:   0/100  Tier: satellite
✗ coherence.analyzer             Score:   0/100  Tier: satellite
✗ diagnostic.main                Score:   0/100  Tier: satellite
⚠ gamification.main              Score:  75/100  Tier: satellite
⚠ guide.main                     Score:  75/100  Tier: satellite
⚠ interface.main                 Score:  75/100  Tier: satellite
✗ interface.telegram             Score:  10/100  Tier: satellite
✗ memory-menu.main               Score:  35/100  Tier: satellite
✗ memory.log.main                Score:  10/100  Tier: satellite
✗ planner                        Score:  35/100  Tier: core
✗ planner.main                   Score:   0/100  Tier: core
   → Core entity has syntax errors (critical)
✗ project-audit.main             Score:  35/100  Tier: satellite
✗ router.main                    Score:   0/100  Tier: core
   → Core entity has syntax errors (critical)
✗ safety-guard.main              Score:   0/100  Tier: core
   → Core entity has syntax errors (critical)
✗ supervisor.main                Score:   0/100  Tier: core
   → Core entity has syntax errors (critical)
✗ system-menu.main               Score:  35/100  Tier: satellite
✗ telegram-hud.main              Score:  35/100  Tier: satellite
✗ telegram-menu.main             Score:  35/100  Tier: satellite
✗ telegram.main                  Score:   0/100  Tier: satellite
✗ verifier.main                  Score:   0/100  Tier: satellite
✗ worker.browser                 Score:  35/100  Tier: satellite
✗ worker.desktop                 Score:   0/100  Tier: satellite
⚠ worker.python.browser          Score:  75/100  Tier: satellite
⚠ worker.python.desktop          Score:  75/100  Tier: satellite
⚠ worker.python.system           Score:  75/100  Tier: satellite
⚠ worker.python.terminal         Score:  75/100  Tier: satellite
✗ worker.system                  Score:  35/100  Tier: satellite

--------------------------------------------------------------------------------

🔍 BUSCANDO HUÉRFANOS:

⚠ Huérfanos FÍSICOS (5):
   • telegram-interface - Directory exists but not in ontology
   • ui-state - Directory exists but not in ontology
   • plan-runner - Directory exists but not in ontology
   • verifier-engine - Directory exists but not in ontology
   • phase-engine - Directory exists but not in ontology

⚠ Huérfanos LÓGICOS (16):
   • ai.intent.main - In blueprint but not in ontology
   • safety.guard.main - In blueprint but not in ontology
   • project.audit.main - In blueprint but not in ontology
   • telegram.menu.main - In blueprint but not in ontology
   • system.menu.main - In blueprint but not in ontology

================================================================================
📊 MÉTRICAS DE COHERENCIA GLOBAL:
================================================================================

Coherencia ALTA (80-100):     0 entidades
Coherencia MEDIA (60-79):     7 entidades
Coherencia BAJA (0-59):      29 entidades

PROMEDIO DE COHERENCIA:      29.7/100

🏆 GRADO DE COHERENCIA: F (CRÍTICO)

📋 Problemas detectados:
   Plano físico:     29 issues
   Plano lógico:     45 issues
   Plano operativo:  34 issues
   Cross-plane:      6 inconsistencias

💡 RECOMENDACIONES:
   • 5 directorios de módulos no están en la ontología
     → Agregar a ontology.py o eliminar si obsoletos
   • 16 módulos en blueprint no tienen definición ontológica
     → Agregar entidad canónica a ontology.py
   • 29 entidades con coherencia baja (<60)
     → Revisar inconsistencias entre físico/lógico/operativo
================================================================================

💾 Reporte completo guardado en: /home/jarvis0001/blueprint-v0/logs/coherence_report_20260409_200918.json

