
================================================================================
🔬 COHERENCE DIAGNOSTIC - 3 Planes de Realidad
================================================================================

📋 Plano FÍSICO:    Archivos, carpetas, disco
📋 Plano LÓGICO:    Módulos, roles, blueprint
📋 Plano OPERATIVO: Procesos, mensajes, salud
================================================================================

✓ Blueprint cargado: 30 módulos definidos
✓ Ontología cargada: 37 entidades canónicas

📊 ANALIZANDO COHERENCIA POR ENTIDAD:

⚠ agent.main                     Score:  75/100
⚠ ai-assistant.main              Score:  75/100
⚠ ai-intent.main                 Score:  75/100
⚠ ai-learning-engine.main        Score:  75/100
⚠ ai-memory-semantic.main        Score:  75/100
⚠ ai-self-audit.main             Score:  75/100
⚠ approval.main                  Score:  75/100
⚠ apps-menu.main                 Score:  75/100
⚠ apps-session.main              Score:  75/100
✗ chaos.tester                   Score:  40/100 [EXTRA]
   → Entity exists physically but not in blueprint (orphan)
✗ coherence.analyzer             Score:  40/100 [EXTRA]
   → Entity exists physically but not in blueprint (orphan)
✗ diagnostic.main                Score:  40/100 [EXTRA]
   → Entity exists physically but not in blueprint (orphan)
⚠ gamification.main              Score:  75/100
⚠ guide.main                     Score:  75/100
⚠ interface.main                 Score:  75/100
⚠ interface.telegram             Score:  75/100
⚠ memory-menu.main               Score:  75/100
⚠ memory.log.main                Score:  75/100
⚠ phase.engine.main              Score:  75/100
✗ plan.runner.main               Score:  40/100 [EXTRA]
   → Entity exists physically but not in blueprint (orphan)
✗ planner                        Score:  35/100 [EXTRA]
⚠ planner.main                   Score:  75/100
⚠ project-audit.main             Score:  75/100
⚠ router.main                    Score:  75/100
⚠ safety-guard.main              Score:  75/100
⚠ supervisor.main                Score:  75/100
⚠ system-menu.main               Score:  75/100
⚠ telegram-hud.main              Score:  75/100
⚠ telegram-menu.main             Score:  75/100
✗ telegram.main                  Score:  40/100 [EXTRA]
   → Entity exists physically but not in blueprint (orphan)
⚠ ui.state.main                  Score:  75/100
⚠ verifier.engine.main           Score:  75/100
✗ verifier.main                  Score:  40/100 [EXTRA]
   → Entity exists physically but not in blueprint (orphan)
⚠ worker.python.browser          Score:  75/100
⚠ worker.python.desktop          Score:  75/100
⚠ worker.python.system           Score:  75/100
⚠ worker.python.terminal         Score:  75/100

--------------------------------------------------------------------------------

🔍 BUSCANDO HUÉRFANOS:

✓ No hay huérfanos físicos
✓ No hay huérfanos lógicos

================================================================================
📊 MÉTRICAS DE COHERENCIA GLOBAL (Sistema Core)
================================================================================
   Analizando 30 entidades del blueprint
   (7 entidades extra excluidas del score global)

Coherencia ALTA (80-100):     0 entidades
Coherencia MEDIA (60-79):    30 entidades
Coherencia BAJA (0-59):       0 entidades

PROMEDIO DE COHERENCIA:      75.0/100

🏆 GRADO DE COHERENCIA: C (REGULAR)

📋 Análisis de Contratos:
   Puertos reservados (futuro):  2
   Puertos obsoletos:            0
   Puertos mal definidos:        84

📋 Problemas detectados:
   Plano físico:     1 issues
   Plano lógico:     58 issues
   Plano operativo:  0 issues
   Cross-plane:      6 inconsistencias

💡 RECOMENDACIONES:
   • 7 entidades extra analizadas pero no incluidas en score global
================================================================================

💾 Reporte completo guardado en: /home/jarvis0001/blueprint-v0/logs/coherence_report_20260409_204601.json

